<?xml version="1.0" encoding="UTF-8"?>
<testng-results skipped="0" failed="1" ignored="0" total="2" passed="1">
  <reporter-output>
  </reporter-output>
  <suite name="Default suite" duration-ms="33285" started-at="2022-10-21T16:20:54 IST" finished-at="2022-10-21T16:21:28 IST">
    <groups>
    </groups>
    <test name="Default test" duration-ms="33285" started-at="2022-10-21T16:20:54 IST" finished-at="2022-10-21T16:21:28 IST">
      <class name="com.testngrunner.TestNgRunner">
        <test-method status="PASS" signature="intiBrowser()[pri:0, instance:com.testngrunner.TestNgRunner@4671e53b]" name="intiBrowser" is-config="true" duration-ms="19844" started-at="2022-10-21T16:20:54 IST" finished-at="2022-10-21T16:21:14 IST">
          <reporter-output>
          </reporter-output>
        </test-method> <!-- intiBrowser -->
        <test-method status="PASS" signature="getTitle()[pri:0, instance:com.testngrunner.TestNgRunner@4671e53b]" name="getTitle" duration-ms="24" started-at="2022-10-21T16:21:14 IST" finished-at="2022-10-21T16:21:14 IST">
          <reporter-output>
          </reporter-output>
        </test-method> <!-- getTitle -->
        <test-method status="PASS" signature="tearDown()[pri:0, instance:com.testngrunner.TestNgRunner@4671e53b]" name="tearDown" is-config="true" duration-ms="240" started-at="2022-10-21T16:21:14 IST" finished-at="2022-10-21T16:21:15 IST">
          <reporter-output>
          </reporter-output>
        </test-method> <!-- tearDown -->
        <test-method status="PASS" signature="intiBrowser()[pri:0, instance:com.testngrunner.TestNgRunner@4671e53b]" name="intiBrowser" is-config="true" duration-ms="12710" started-at="2022-10-21T16:21:15 IST" finished-at="2022-10-21T16:21:27 IST">
          <reporter-output>
          </reporter-output>
        </test-method> <!-- intiBrowser -->
        <test-method status="FAIL" signature="getTitle2()[pri:0, instance:com.testngrunner.TestNgRunner@4671e53b]" name="getTitle2" duration-ms="14" started-at="2022-10-21T16:21:27 IST" finished-at="2022-10-21T16:21:27 IST">
          <exception class="java.lang.AssertionError">
            <message>
              <![CDATA[expected [gl] but found [Google]]]>
            </message>
            <full-stacktrace>
              <![CDATA[java.lang.AssertionError: expected [gl] but found [Google]
at org.testng.Assert.fail(Assert.java:99)
at org.testng.Assert.failNotEquals(Assert.java:1037)
at org.testng.Assert.assertEqualsImpl(Assert.java:140)
at org.testng.Assert.assertEquals(Assert.java:122)
at org.testng.Assert.assertEquals(Assert.java:629)
at org.testng.Assert.assertEquals(Assert.java:639)
at com.testngrunner.TestNgRunner.getTitle2(TestNgRunner.java:36)
at sun.reflect.NativeMethodAccessorImpl.invoke0(Native Method)
at sun.reflect.NativeMethodAccessorImpl.invoke(NativeMethodAccessorImpl.java:62)
at sun.reflect.DelegatingMethodAccessorImpl.invoke(DelegatingMethodAccessorImpl.java:43)
at java.lang.reflect.Method.invoke(Method.java:498)
at org.testng.internal.MethodInvocationHelper.invokeMethod(MethodInvocationHelper.java:133)
at org.testng.internal.TestInvoker.invokeMethod(TestInvoker.java:598)
at org.testng.internal.TestInvoker.invokeTestMethod(TestInvoker.java:173)
at org.testng.internal.MethodRunner.runInSequence(MethodRunner.java:46)
at org.testng.internal.TestInvoker$MethodInvocationAgent.invoke(TestInvoker.java:824)
at org.testng.internal.TestInvoker.invokeTestMethods(TestInvoker.java:146)
at org.testng.internal.TestMethodWorker.invokeTestMethods(TestMethodWorker.java:146)
at org.testng.internal.TestMethodWorker.run(TestMethodWorker.java:128)
at java.util.ArrayList.forEach(ArrayList.java:1259)
at org.testng.TestRunner.privateRun(TestRunner.java:794)
at org.testng.TestRunner.run(TestRunner.java:596)
at org.testng.SuiteRunner.runTest(SuiteRunner.java:377)
at org.testng.SuiteRunner.runSequentially(SuiteRunner.java:371)
at org.testng.SuiteRunner.privateRun(SuiteRunner.java:332)
at org.testng.SuiteRunner.run(SuiteRunner.java:276)
at org.testng.SuiteRunnerWorker.runSuite(SuiteRunnerWorker.java:53)
at org.testng.SuiteRunnerWorker.run(SuiteRunnerWorker.java:96)
at org.testng.TestNG.runSuitesSequentially(TestNG.java:1212)
at org.testng.TestNG.runSuitesLocally(TestNG.java:1134)
at org.testng.TestNG.runSuites(TestNG.java:1063)
at org.testng.TestNG.run(TestNG.java:1031)
at org.testng.remote.AbstractRemoteTestNG.run(AbstractRemoteTestNG.java:115)
at org.testng.remote.RemoteTestNG.initAndRun(RemoteTestNG.java:251)
at org.testng.remote.RemoteTestNG.main(RemoteTestNG.java:77)
]]>
            </full-stacktrace>
          </exception> <!-- java.lang.AssertionError -->
          <reporter-output>
          </reporter-output>
        </test-method> <!-- getTitle2 -->
        <test-method status="PASS" signature="tearDown()[pri:0, instance:com.testngrunner.TestNgRunner@4671e53b]" name="tearDown" is-config="true" duration-ms="215" started-at="2022-10-21T16:21:27 IST" finished-at="2022-10-21T16:21:28 IST">
          <reporter-output>
          </reporter-output>
        </test-method> <!-- tearDown -->
      </class> <!-- com.testngrunner.TestNgRunner -->
    </test> <!-- Default test -->
  </suite> <!-- Default suite -->
</testng-results>
